This is pdfTeX, Version 3.141592653-2.6-1.40.26 (TeX Live 2024) (preloaded format=latex 2024.8.19)  20 AUG 2024 09:15
entering extended mode
 restricted \write18 enabled.
 %&-line parsing enabled.
**clean
(/usr/local/texlive/2024/texmf-dist/tex/latex/tools/q.tex
! Interruption.
<to be read again> 
                   \immediate 
l.1 
    %%
? 
LaTeX2e <2024-06-01> patch level 2
L3 programming layer <2024-07-20>
File ignored
)
! Emergency stop.
<*> clean
         
*** (job aborted, no legal \end found)

 
Here is how much of TeX's memory you used:
 16 strings out of 473580
 476 string characters out of 5728260
 1925954 words of memory out of 5000000
 23011 multiletter control sequences out of 15000+600000
 558069 words of font info for 36 fonts, out of 8000000 for 9000
 1141 hyphenation exceptions out of 8191
 12i,0n,13p,85b,8s stack positions out of 10000i,1000n,20000p,200000b,200000s
No pages of output.
